INFO:root:Launching webapp...
INFO:werkzeug:[31m[1mWARNING: This is a development server. Do not use it in a production deployment. Use a production WSGI server instead.[0m
 * Running on http://127.0.0.1:5000
INFO:werkzeug:[33mPress CTRL+C to quit[0m
INFO:werkzeug: * Restarting with stat
INFO:root:Launching webapp...
INFO:root:Setting up database
INFO:root:Creating database and tables
INFO:root:Loading articles from /home/cameron/Documents/projects/NonPhD/arXivScraper/mdfiles
INFO:root:Finding modified articles
INFO:root:detected 3 modified articles
INFO:root:Checked all the articles. Now clean up any stale entries
INFO:root:Database setup complete
INFO:root:Database setup complete.
WARNING:werkzeug: * Debugger is active!
INFO:werkzeug: * Debugger PIN: 333-904-855
INFO:root:Loading theme: default_theme
INFO:werkzeug:127.0.0.1 - - [29/Oct/2024 19:32:32] "GET / HTTP/1.1" 200 -
INFO:werkzeug:127.0.0.1 - - [29/Oct/2024 19:32:32] "[36mGET /home/cameron/Documents/projects/NonPhD/arXivScraper/scripts/WebAppConfig/static/style.css HTTP/1.1[0m" 304 -
INFO:root:Saving article: /home/cameron/Documents/projects/NonPhD/arXivScraper/mdfiles/2410.14192.md
INFO:werkzeug:127.0.0.1 - - [29/Oct/2024 19:32:53] "[32mGET /process/2410.14192 HTTP/1.1[0m" 302 -
INFO:root:Loading theme: default_theme
INFO:werkzeug:127.0.0.1 - - [29/Oct/2024 19:32:53] "GET / HTTP/1.1" 200 -
INFO:werkzeug:127.0.0.1 - - [29/Oct/2024 19:32:53] "[36mGET /home/cameron/Documents/projects/NonPhD/arXivScraper/scripts/WebAppConfig/static/style.css HTTP/1.1[0m" 304 -
INFO:werkzeug: * Detected change in '/home/cameron/Documents/projects/NonPhD/arXivScraper/headers/WWArticles.py', reloading
INFO:werkzeug: * Restarting with stat
INFO:root:Launching webapp...
INFO:root:Setting up database
INFO:root:Creating database and tables
INFO:root:Loading articles from /home/cameron/Documents/projects/NonPhD/arXivScraper/mdfiles
INFO:root:Finding modified articles
INFO:root:detected 1 modified articles
INFO:root:Checked all the articles. Now clean up any stale entries
INFO:root:Database setup complete
INFO:root:Database setup complete.
WARNING:werkzeug: * Debugger is active!
INFO:werkzeug: * Debugger PIN: 333-904-855
INFO:root:Launching webapp...
INFO:werkzeug:[31m[1mWARNING: This is a development server. Do not use it in a production deployment. Use a production WSGI server instead.[0m
 * Running on http://127.0.0.1:5000
INFO:werkzeug:[33mPress CTRL+C to quit[0m
INFO:werkzeug: * Restarting with stat
INFO:root:Launching webapp...
INFO:root:Setting up database
INFO:root:Creating database and tables
INFO:root:Loading articles from /home/cameron/Documents/projects/NonPhD/arXivScraper/mdfiles
INFO:root:Finding modified articles
INFO:root:detected 0 modified articles
INFO:root:Checked all the articles. Now clean up any stale entries
INFO:root:Database setup complete
INFO:root:Database setup complete.
WARNING:werkzeug: * Debugger is active!
INFO:werkzeug: * Debugger PIN: 333-904-855
INFO:root:Saving article: /home/cameron/Documents/projects/NonPhD/arXivScraper/mdfiles/2410.16125.md
INFO:werkzeug:127.0.0.1 - - [29/Oct/2024 19:34:11] "[32mGET /process/2410.16125 HTTP/1.1[0m" 302 -
INFO:root:Loading theme: default_theme
INFO:werkzeug:127.0.0.1 - - [29/Oct/2024 19:34:11] "GET / HTTP/1.1" 200 -
INFO:werkzeug:127.0.0.1 - - [29/Oct/2024 19:34:11] "[36mGET /home/cameron/Documents/projects/NonPhD/arXivScraper/scripts/WebAppConfig/static/style.css HTTP/1.1[0m" 304 -
INFO:werkzeug: * Detected change in '/home/cameron/Documents/projects/NonPhD/arXivScraper/scripts/launch_webapp.py', reloading
INFO:werkzeug: * Restarting with stat
INFO:root:Launching webapp...
INFO:root:Setting up database
INFO:root:Creating database and tables
INFO:root:Loading articles from /home/cameron/Documents/projects/NonPhD/arXivScraper/mdfiles
INFO:root:Finding modified articles
INFO:root:detected 1 modified articles
INFO:root:Checked all the articles. Now clean up any stale entries
INFO:root:Database setup complete
INFO:root:Database setup complete.
WARNING:werkzeug: * Debugger is active!
INFO:werkzeug: * Debugger PIN: 333-904-855
INFO:root:Launching webapp...
INFO:werkzeug:[31m[1mWARNING: This is a development server. Do not use it in a production deployment. Use a production WSGI server instead.[0m
 * Running on http://127.0.0.1:5000
INFO:werkzeug:[33mPress CTRL+C to quit[0m
INFO:werkzeug: * Restarting with stat
INFO:root:Launching webapp...
INFO:root:Setting up database
INFO:root:Creating database and tables
INFO:root:Loading articles from /home/cameron/Documents/projects/NonPhD/arXivScraper/mdfiles
INFO:root:Finding modified articles
INFO:root:detected 0 modified articles
INFO:root:Checked all the articles. Now clean up any stale entries
INFO:root:Database setup complete
INFO:root:Database setup complete.
WARNING:werkzeug: * Debugger is active!
INFO:werkzeug: * Debugger PIN: 333-904-855
INFO:root:Saving article: /home/cameron/Documents/projects/NonPhD/arXivScraper/mdfiles/2410.13064.md
INFO:werkzeug:127.0.0.1 - - [29/Oct/2024 19:34:53] "[32mGET /process/2410.13064 HTTP/1.1[0m" 302 -
INFO:root:Loading theme: default_theme
INFO:werkzeug:127.0.0.1 - - [29/Oct/2024 19:34:53] "GET / HTTP/1.1" 200 -
INFO:werkzeug:127.0.0.1 - - [29/Oct/2024 19:34:53] "[36mGET /home/cameron/Documents/projects/NonPhD/arXivScraper/scripts/WebAppConfig/static/style.css HTTP/1.1[0m" 304 -
INFO:werkzeug: * Detected change in '/home/cameron/Documents/projects/NonPhD/arXivScraper/headers/WWArticles.py', reloading
INFO:werkzeug: * Restarting with stat
INFO:root:Launching webapp...
INFO:root:Setting up database
INFO:root:Creating database and tables
INFO:root:Loading articles from /home/cameron/Documents/projects/NonPhD/arXivScraper/mdfiles
INFO:root:Finding modified articles
INFO:root:detected 1 modified articles
INFO:root:Checked all the articles. Now clean up any stale entries
INFO:root:Database setup complete
INFO:root:Database setup complete.
WARNING:werkzeug: * Debugger is active!
INFO:werkzeug: * Debugger PIN: 333-904-855
INFO:root:Launching webapp...
INFO:werkzeug:[31m[1mWARNING: This is a development server. Do not use it in a production deployment. Use a production WSGI server instead.[0m
 * Running on http://127.0.0.1:5000
INFO:werkzeug:[33mPress CTRL+C to quit[0m
INFO:werkzeug: * Restarting with stat
INFO:root:Launching webapp...
INFO:root:Setting up database
INFO:root:Creating database and tables
INFO:root:Loading articles from /home/cameron/Documents/projects/NonPhD/arXivScraper/mdfiles
INFO:root:Finding modified articles
INFO:root:detected 0 modified articles
INFO:root:Checked all the articles. Now clean up any stale entries
INFO:root:Database setup complete
INFO:root:Database setup complete.
WARNING:werkzeug: * Debugger is active!
INFO:werkzeug: * Debugger PIN: 333-904-855
INFO:root:Saving article: /home/cameron/Documents/projects/NonPhD/arXivScraper/mdfiles/2410.12212.md
INFO:werkzeug:127.0.0.1 - - [29/Oct/2024 19:35:44] "[32mGET /process/2410.12212 HTTP/1.1[0m" 302 -
INFO:root:Loading theme: default_theme
INFO:werkzeug:127.0.0.1 - - [29/Oct/2024 19:35:44] "GET / HTTP/1.1" 200 -
INFO:werkzeug:127.0.0.1 - - [29/Oct/2024 19:35:44] "[36mGET /home/cameron/Documents/projects/NonPhD/arXivScraper/scripts/WebAppConfig/static/style.css HTTP/1.1[0m" 304 -
INFO:werkzeug: * Detected change in '/home/cameron/Documents/projects/NonPhD/arXivScraper/scripts/launch_webapp.py', reloading
INFO:werkzeug: * Restarting with stat
INFO:root:Launching webapp...
INFO:root:Setting up database
INFO:root:Creating database and tables
INFO:root:Loading articles from /home/cameron/Documents/projects/NonPhD/arXivScraper/mdfiles
INFO:root:Finding modified articles
INFO:root:detected 1 modified articles
INFO:root:Checked all the articles. Now clean up any stale entries
INFO:root:Database setup complete
INFO:root:Database setup complete.
WARNING:werkzeug: * Debugger is active!
INFO:werkzeug: * Debugger PIN: 333-904-855
INFO:root:Saving article: /home/cameron/Documents/projects/NonPhD/arXivScraper/mdfiles/2410.12177.md
INFO:werkzeug:127.0.0.1 - - [29/Oct/2024 19:36:20] "[32mGET /process/2410.12177 HTTP/1.1[0m" 302 -
INFO:root:Loading theme: default_theme
INFO:werkzeug:127.0.0.1 - - [29/Oct/2024 19:36:20] "GET / HTTP/1.1" 200 -
INFO:werkzeug:127.0.0.1 - - [29/Oct/2024 19:36:20] "[36mGET /home/cameron/Documents/projects/NonPhD/arXivScraper/scripts/WebAppConfig/static/style.css HTTP/1.1[0m" 304 -
INFO:werkzeug: * Detected change in '/home/cameron/Documents/projects/NonPhD/arXivScraper/headers/WWArticles.py', reloading
INFO:werkzeug: * Restarting with stat
INFO:root:Launching webapp...
INFO:root:Setting up database
INFO:root:Creating database and tables
INFO:root:Loading articles from /home/cameron/Documents/projects/NonPhD/arXivScraper/mdfiles
INFO:root:Finding modified articles
INFO:root:detected 1 modified articles
INFO:root:Checked all the articles. Now clean up any stale entries
INFO:root:Database setup complete
INFO:root:Database setup complete.
WARNING:werkzeug: * Debugger is active!
INFO:werkzeug: * Debugger PIN: 333-904-855
INFO:werkzeug: * Detected change in '/home/cameron/Documents/projects/NonPhD/arXivScraper/headers/WWArticles.py', reloading
INFO:werkzeug: * Restarting with stat
INFO:root:Launching webapp...
INFO:root:Setting up database
INFO:root:Creating database and tables
INFO:root:Loading articles from /home/cameron/Documents/projects/NonPhD/arXivScraper/mdfiles
INFO:root:Finding modified articles
INFO:root:detected 0 modified articles
INFO:root:Checked all the articles. Now clean up any stale entries
INFO:root:Database setup complete
INFO:root:Database setup complete.
WARNING:werkzeug: * Debugger is active!
INFO:werkzeug: * Debugger PIN: 333-904-855
INFO:root:Launching webapp...
INFO:werkzeug:[31m[1mWARNING: This is a development server. Do not use it in a production deployment. Use a production WSGI server instead.[0m
 * Running on http://127.0.0.1:5000
INFO:werkzeug:[33mPress CTRL+C to quit[0m
INFO:werkzeug: * Restarting with stat
INFO:root:Launching webapp...
INFO:root:Setting up database
INFO:root:Creating database and tables
INFO:root:Loading articles from /home/cameron/Documents/projects/NonPhD/arXivScraper/mdfiles
INFO:root:Finding modified articles
INFO:root:detected 0 modified articles
INFO:root:Checked all the articles. Now clean up any stale entries
INFO:root:Database setup complete
INFO:root:Database setup complete.
WARNING:werkzeug: * Debugger is active!
INFO:werkzeug: * Debugger PIN: 333-904-855
INFO:root:Saving article: /home/cameron/Documents/projects/NonPhD/arXivScraper/mdfiles/2410.20009.md
INFO:werkzeug:127.0.0.1 - - [29/Oct/2024 19:37:25] "[32mGET /process/2410.20009 HTTP/1.1[0m" 302 -
INFO:root:Loading theme: default_theme
INFO:werkzeug:127.0.0.1 - - [29/Oct/2024 19:37:25] "GET / HTTP/1.1" 200 -
INFO:werkzeug:127.0.0.1 - - [29/Oct/2024 19:37:25] "[36mGET /home/cameron/Documents/projects/NonPhD/arXivScraper/scripts/WebAppConfig/static/style.css HTTP/1.1[0m" 304 -
INFO:werkzeug: * Detected change in '/home/cameron/Documents/projects/NonPhD/arXivScraper/headers/WWArticles.py', reloading
INFO:werkzeug: * Restarting with stat
INFO:root:Launching webapp...
INFO:root:Setting up database
INFO:root:Creating database and tables
INFO:root:Loading articles from /home/cameron/Documents/projects/NonPhD/arXivScraper/mdfiles
INFO:root:Finding modified articles
INFO:root:detected 1 modified articles
INFO:root:Checked all the articles. Now clean up any stale entries
INFO:root:Database setup complete
INFO:root:Database setup complete.
WARNING:werkzeug: * Debugger is active!
INFO:werkzeug: * Debugger PIN: 333-904-855
